c:\users\cg07\desktop\proyecto cg072019-1\proyecto1\proyecto1\debug\main.obj
c:\users\cg07\desktop\proyecto cg072019-1\proyecto1\proyecto1\debug\vc110.pdb
c:\users\cg07\desktop\proyecto cg072019-1\proyecto1\debug\proyecto1.ilk
c:\users\cg07\desktop\proyecto cg072019-1\proyecto1\debug\proyecto1.exe
c:\users\cg07\desktop\proyecto cg072019-1\proyecto1\debug\proyecto1.pdb
c:\users\irvin\documents\universidad\semestre 2019-1\compu grafica\lab. compu gráfica\clase\practica 10\proyecto1\proyecto1\debug\vc140.pdb
c:\users\irvin\documents\universidad\semestre 2019-1\compu grafica\lab. compu gráfica\clase\practica 10\proyecto1\proyecto1\debug\vc140.idb
c:\users\irvin\documents\universidad\semestre 2019-1\compu grafica\lab. compu gráfica\clase\practica 10\proyecto1\proyecto1\debug\camera.obj
c:\users\irvin\documents\universidad\semestre 2019-1\compu grafica\lab. compu gráfica\clase\practica 10\proyecto1\proyecto1\debug\figuras.obj
c:\users\irvin\documents\universidad\semestre 2019-1\compu grafica\lab. compu gráfica\clase\practica 10\proyecto1\proyecto1\debug\main_prac10new.obj
c:\users\irvin\documents\universidad\semestre 2019-1\compu grafica\lab. compu gráfica\clase\practica 10\proyecto1\proyecto1\debug\texture.obj
c:\users\irvin\documents\universidad\semestre 2019-1\compu grafica\lab. compu gráfica\clase\practica 10\proyecto1\debug\proyecto1.ilk
c:\users\irvin\documents\universidad\semestre 2019-1\compu grafica\lab. compu gráfica\clase\practica 10\proyecto1\debug\proyecto1.exe
c:\users\irvin\documents\universidad\semestre 2019-1\compu grafica\lab. compu gráfica\clase\practica 10\proyecto1\debug\proyecto1.pdb
c:\users\irvin\documents\universidad\semestre 2019-1\compu grafica\lab. compu gráfica\clase\practica 10\proyecto1\proyecto1\debug\main.obj
c:\users\irvin\documents\universidad\semestre 2019-1\compu grafica\lab. compu gráfica\clase\practica 10\proyecto1\proyecto1\debug\cl.command.1.tlog
c:\users\irvin\documents\universidad\semestre 2019-1\compu grafica\lab. compu gráfica\clase\practica 10\proyecto1\proyecto1\debug\cl.read.1.tlog
c:\users\irvin\documents\universidad\semestre 2019-1\compu grafica\lab. compu gráfica\clase\practica 10\proyecto1\proyecto1\debug\cl.write.1.tlog
c:\users\irvin\documents\universidad\semestre 2019-1\compu grafica\lab. compu gráfica\clase\practica 10\proyecto1\proyecto1\debug\link-cvtres.read.1.tlog
c:\users\irvin\documents\universidad\semestre 2019-1\compu grafica\lab. compu gráfica\clase\practica 10\proyecto1\proyecto1\debug\link-cvtres.write.1.tlog
c:\users\irvin\documents\universidad\semestre 2019-1\compu grafica\lab. compu gráfica\clase\practica 10\proyecto1\proyecto1\debug\link-rc.read.1.tlog
c:\users\irvin\documents\universidad\semestre 2019-1\compu grafica\lab. compu gráfica\clase\practica 10\proyecto1\proyecto1\debug\link-rc.write.1.tlog
c:\users\irvin\documents\universidad\semestre 2019-1\compu grafica\lab. compu gráfica\clase\practica 10\proyecto1\proyecto1\debug\link.command.1.tlog
c:\users\irvin\documents\universidad\semestre 2019-1\compu grafica\lab. compu gráfica\clase\practica 10\proyecto1\proyecto1\debug\link.read.1.tlog
c:\users\irvin\documents\universidad\semestre 2019-1\compu grafica\lab. compu gráfica\clase\practica 10\proyecto1\proyecto1\debug\link.write.1.tlog
c:\users\irvin\documents\universidad\semestre 2019-1\compu grafica\lab. compu gráfica\clase\practica 10\proyecto1\proyecto1\debug\vc110.idb
c:\users\irvin\documents\universidad\semestre 2019-1\compu grafica\lab. compu gráfica\clase\practica 10\proyecto1\proyecto1\debug\vc110.pdb
c:\users\irvin\documents\universidad\semestre 2019-1\compu grafica\lab. compu gráfica\clase\practica 10\proyecto1\proyecto1\debug\proyecto1.tlog\cl.command.1.tlog
c:\users\irvin\documents\universidad\semestre 2019-1\compu grafica\lab. compu gráfica\clase\practica 10\proyecto1\proyecto1\debug\proyecto1.tlog\cl.read.1.tlog
c:\users\irvin\documents\universidad\semestre 2019-1\compu grafica\lab. compu gráfica\clase\practica 10\proyecto1\proyecto1\debug\proyecto1.tlog\cl.write.1.tlog
c:\users\irvin\documents\universidad\semestre 2019-1\compu grafica\lab. compu gráfica\clase\practica 10\proyecto1\proyecto1\debug\proyecto1.tlog\link.command.1.tlog
c:\users\irvin\documents\universidad\semestre 2019-1\compu grafica\lab. compu gráfica\clase\practica 10\proyecto1\proyecto1\debug\proyecto1.tlog\link.read.1.tlog
c:\users\irvin\documents\universidad\semestre 2019-1\compu grafica\lab. compu gráfica\clase\practica 10\proyecto1\proyecto1\debug\proyecto1.tlog\link.write.1.tlog
